<?xml version="1.0" encoding="utf-8"?><testsuites name="pytest tests"><testsuite name="pytest" errors="0" failures="6" skipped="0" tests="130" time="86.899" timestamp="2026-06-15T09:15:28.721491+00:00" hostname="agent-env-d8817f61-ba4b-4a01-b8da-5f3db2df7025"><testcase classname="backend.tests.test_phase10_multilogin.TestMultiLogin" name="test_admin_and_driver_logged_in_same_session" time="0.912" /><testcase classname="backend.tests.test_phase10_multilogin.TestMultiLogin" name="test_scope_logout_keeps_other_session" time="0.865" /><testcase classname="backend.tests.test_phase11_customer.TestCustomerAccount" name="test_register_login_me_and_own_bookings" time="1.386" /><testcase classname="backend.tests.test_phase11_customer.TestCustomerAccount" name="test_duplicate_email_rejected" time="1.135" /><testcase classname="backend.tests.test_phase11_customer.TestCustomerAccount" name="test_wrong_password_rejected" time="0.772" /><testcase classname="backend.tests.test_phase12_vehicle_classes.TestVehicleMarketplace" name="test_quote_returns_class_comparison" time="0.268" /><testcase classname="backend.tests.test_phase12_vehicle_classes.TestVehicleMarketplace" name="test_quote_fit_flags_for_group" time="0.253" /><testcase classname="backend.tests.test_phase12_vehicle_classes.TestVehicleMarketplace" name="test_booking_stores_class_and_scaled_price" time="0.963"><failure message="AssertionError: (13.76, 8.26)&#10;assert 5.5 &lt;= 1.0&#10; +  where 5.5 = abs((13.76 - 8.26))&#10; +  and   1.0 = max(1.0, (8.26 * 0.06))">E   AssertionError: (13.76, 8.26)
    assert 5.5 &lt;= 1.0
     +  where 5.5 = abs((13.76 - 8.26))
     +  and   1.0 = max(1.0, (8.26 * 0.06))</failure></testcase><testcase classname="backend.tests.test_phase12_vehicle_classes.TestVehicleMarketplace" name="test_invalid_class_defaults_to_standard" time="0.684" /><testcase classname="backend.tests.test_phase12_vehicle_classes.TestVehicleMarketplace" name="test_admin_class_pricing_and_driver_class" time="0.943" /><testcase classname="backend.tests.test_phase13_groups.TestGroupBooking" name="test_create_group_spawns_children" time="0.811" /><testcase classname="backend.tests.test_phase13_groups.TestGroupBooking" name="test_van_group_pricier_than_standard" time="1.092" /><testcase classname="backend.tests.test_phase13_groups.TestGroupBooking" name="test_card_accepted_for_groups" time="0.788" /><testcase classname="backend.tests.test_phase13_groups.TestGroupBooking" name="test_invalid_class_defaults_standard" time="0.683" /><testcase classname="backend.tests.test_phase13_groups.TestGroupBooking" name="test_account_phone_skips_verification" time="0.801" /><testcase classname="backend.tests.test_phase14_airport.TestAirportModule" name="test_flight_lookup_on_time" time="0.119" /><testcase classname="backend.tests.test_phase14_airport.TestAirportModule" name="test_flight_lookup_delayed" time="0.113" /><testcase classname="backend.tests.test_phase14_airport.TestAirportModule" name="test_arrival_pickup_from_flight" time="0.650" /><testcase classname="backend.tests.test_phase14_airport.TestAirportModule" name="test_arrival_delay_shifts_pickup" time="0.695" /><testcase classname="backend.tests.test_phase14_airport.TestAirportModule" name="test_departure_uses_chosen_pickup" time="0.685" /><testcase classname="backend.tests.test_phase15_medical.TestMedicalRides" name="test_single_medical_stores_type" time="0.751" /><testcase classname="backend.tests.test_phase15_medical.TestMedicalRides" name="test_invalid_medical_type_nulled" time="0.748" /><testcase classname="backend.tests.test_phase15_medical.TestMedicalRides" name="test_recurring_requires_login" time="0.113" /><testcase classname="backend.tests.test_phase15_medical.TestMedicalRides" name="test_recurring_create_list_cancel" time="1.095" /><testcase classname="backend.tests.test_phase15_medical.TestMedicalRides" name="test_recurring_return_trip_both_directions" time="1.212" /><testcase classname="backend.tests.test_phase16_extras.TestLiveMap" name="test_endpoint_shape" time="0.143" /><testcase classname="backend.tests.test_phase16_extras.TestSos" name="test_sos_creates_alert" time="1.059" /><testcase classname="backend.tests.test_phase16_extras.TestFavoritesPoints" name="test_profile_points_default_zero" time="0.661" /><testcase classname="backend.tests.test_phase16_extras.TestFavoritesPoints" name="test_favorite_add_list_remove" time="1.338" /><testcase classname="backend.tests.test_phase16_extras.TestFavoritesPoints" name="test_favorites_require_login" time="0.139" /><testcase classname="backend.tests.test_phase16_extras.TestRideInvoice" name="test_invoice_409_when_not_completed" time="0.835" /><testcase classname="backend.tests.test_phase16_extras.TestRideInvoice" name="test_invoice_404_unknown" time="0.138" /><testcase classname="backend.tests.test_phase16_extras.TestGroupCard" name="test_group_accepts_card" time="0.666" /><testcase classname="backend.tests.test_phase17_sos_dispatch.TestSosDispatch" name="test_sos_with_location_creates_rescue_booking" time="1.114" /><testcase classname="backend.tests.test_phase17_sos_dispatch.TestSosDispatch" name="test_sos_without_location_no_rescue" time="0.707" /><testcase classname="backend.tests.test_phase1_commission_cancel.TestCompanyCityTier" name="test_register_with_cityTier_BIG_persisted" time="0.263" /><testcase classname="backend.tests.test_phase1_commission_cancel.TestCompanyCityTier" name="test_register_default_cityTier_SMALL" time="0.292" /><testcase classname="backend.tests.test_phase1_commission_cancel.TestCompanyCityTier" name="test_register_invalid_cityTier_rejected" time="0.109" /><testcase classname="backend.tests.test_phase1_commission_cancel.TestAdminOverviewCommission" name="test_admin_overview_today_month_shape" time="0.365" /><testcase classname="backend.tests.test_phase1_commission_cancel.TestSuperOverviewFinancials" name="test_super_overview_totals_shape" time="0.257" /><testcase classname="backend.tests.test_phase1_commission_cancel.TestSuperOverviewFinancials" name="test_super_overview_per_company_includes_commission_data" time="0.262" /><testcase classname="backend.tests.test_phase1_commission_cancel.TestCustomerCancel" name="test_cancel_active_booking_succeeds" time="1.401" /><testcase classname="backend.tests.test_phase1_commission_cancel.TestCustomerCancel" name="test_cancel_non_existent_returns_404" time="0.116" /><testcase classname="backend.tests.test_phase1_commission_cancel.TestCustomerCancel" name="test_cancel_already_cancelled_returns_409" time="0.514" /><testcase classname="backend.tests.test_phase1_commission_cancel.TestAdminCancel" name="test_admin_can_cancel_own_company_booking" time="0.660" /><testcase classname="backend.tests.test_phase1_commission_cancel.TestAdminCancel" name="test_admin_cannot_cancel_other_companys_booking" time="1.199" /><testcase classname="backend.tests.test_phase1_commission_cancel.TestAdminCancel" name="test_admin_cancel_requires_auth" time="0.482" /><testcase classname="backend.tests.test_phase1_commission_cancel.TestCancellationLog" name="test_admin_can_read_cancellation_log" time="0.757" /><testcase classname="backend.tests.test_phase1_commission_cancel.TestUnifiedShape" name="test_get_booking_returns_flat_and_wrapped" time="0.387" /><testcase classname="backend.tests.test_phase1_commission_cancel.TestPriceExactField" name="test_booking_dto_includes_priceExact_initially_null" time="0.254" /><testcase classname="backend.tests.test_phase1_commission_cancel.TestPriceExactField" name="test_booking_dto_includes_isReserved_and_commission_fields" time="0.254" /><testcase classname="backend.tests.test_phase2_multistop_destchange_stripe.TestMultiStopQuote" name="test_quote_with_stop_increases_distance_and_price" time="0.542" /><testcase classname="backend.tests.test_phase2_multistop_destchange_stripe.TestMultiStopQuote" name="test_quote_without_stops_still_works" time="0.251" /><testcase classname="backend.tests.test_phase2_multistop_destchange_stripe.TestMultiStopBooking" name="test_booking_with_stops_persisted" time="0.372" /><testcase classname="backend.tests.test_phase2_multistop_destchange_stripe.TestMultiStopBooking" name="test_booking_without_stops_has_empty_list" time="0.283" /><testcase classname="backend.tests.test_phase2_multistop_destchange_stripe.TestDestinationChange" name="test_change_destination_recomputes_price" time="0.631" /><testcase classname="backend.tests.test_phase2_multistop_destchange_stripe.TestDestinationChange" name="test_add_stop_appends_waypoint" time="0.734" /><testcase classname="backend.tests.test_phase2_multistop_destchange_stripe.TestDestinationChange" name="test_change_requires_payload" time="0.444" /><testcase classname="backend.tests.test_phase2_multistop_destchange_stripe.TestDestinationChange" name="test_change_non_existent_404" time="0.119" /><testcase classname="backend.tests.test_phase2_multistop_destchange_stripe.TestDestinationChange" name="test_change_blocked_after_cancel" time="0.499" /><testcase classname="backend.tests.test_phase2_multistop_destchange_stripe.TestStripeAuthorize" name="test_card_booking_is_authorized" time="0.253"><failure message="AssertionError: booking failed: 402 {&quot;error&quot;:&quot;Kartenzahlung nicht autorisiert.&quot;,&quot;code&quot;:&quot;PAYMENT_REQUIRED&quot;}&#10;assert 402 in (200, 201)&#10; +  where 402 = &lt;Response [402]&gt;.status_code">E   AssertionError: booking failed: 402 {"error":"Kartenzahlung nicht autorisiert.","code":"PAYMENT_REQUIRED"}
    assert 402 in (200, 201)
     +  where 402 = &lt;Response [402]&gt;.status_code</failure></testcase><testcase classname="backend.tests.test_phase2_multistop_destchange_stripe.TestStripeAuthorize" name="test_cash_booking_not_authorized" time="0.260" /><testcase classname="backend.tests.test_phase2_multistop_destchange_stripe.TestStripeAuthorize" name="test_card_cancel_voids_authorization" time="0.255"><failure message="AssertionError: booking failed: 402 {&quot;error&quot;:&quot;Kartenzahlung nicht autorisiert.&quot;,&quot;code&quot;:&quot;PAYMENT_REQUIRED&quot;}&#10;assert 402 in (200, 201)&#10; +  where 402 = &lt;Response [402]&gt;.status_code">E   AssertionError: booking failed: 402 {"error":"Kartenzahlung nicht autorisiert.","code":"PAYMENT_REQUIRED"}
    assert 402 in (200, 201)
     +  where 402 = &lt;Response [402]&gt;.status_code</failure></testcase><testcase classname="backend.tests.test_phase2_multistop_destchange_stripe.TestPhase2DTO" name="test_dto_includes_phase2_fields" time="0.258" /><testcase classname="backend.tests.test_phase3_verify_chat.TestVerifyFlow" name="test_request_returns_devcode_in_mock" time="0.254" /><testcase classname="backend.tests.test_phase3_verify_chat.TestVerifyFlow" name="test_confirm_correct_code_returns_token" time="0.482" /><testcase classname="backend.tests.test_phase3_verify_chat.TestVerifyFlow" name="test_confirm_wrong_code_rejected" time="0.397" /><testcase classname="backend.tests.test_phase3_verify_chat.TestVerifyFlow" name="test_confirm_without_request_404" time="0.115" /><testcase classname="backend.tests.test_phase3_verify_chat.TestBookingRequiresVerification" name="test_booking_without_token_rejected" time="0.116" /><testcase classname="backend.tests.test_phase3_verify_chat.TestBookingRequiresVerification" name="test_booking_with_wrong_phone_token_rejected" time="0.504" /><testcase classname="backend.tests.test_phase3_verify_chat.TestBookingRequiresVerification" name="test_booking_with_valid_token_succeeds" time="0.648" /><testcase classname="backend.tests.test_phase3_verify_chat.TestChatHistory" name="test_messages_endpoint_empty_for_fresh_booking" time="1.084" /><testcase classname="backend.tests.test_phase3_verify_chat.TestChatHistory" name="test_messages_endpoint_404_for_unknown_booking" time="0.126" /><testcase classname="backend.tests.test_phase4_invoices.TestInvoiceAuth" name="test_requires_auth" time="0.122" /><testcase classname="backend.tests.test_phase4_invoices.TestInvoiceAuth" name="test_cross_company_forbidden" time="0.613" /><testcase classname="backend.tests.test_phase4_invoices.TestInvoiceJson" name="test_bad_month_rejected" time="0.345" /><testcase classname="backend.tests.test_phase4_invoices.TestInvoiceJson" name="test_empty_month_shape_and_vat_math" time="0.351" /><testcase classname="backend.tests.test_phase4_invoices.TestInvoiceJson" name="test_invoice_number_is_deterministic" time="0.380" /><testcase classname="backend.tests.test_phase4_invoices.TestInvoicePdf" name="test_pdf_download_content_type_and_magic" time="0.357" /><testcase classname="backend.tests.test_phase5_bulk_invoices.TestBulkAuth" name="test_zip_requires_auth" time="0.129" /><testcase classname="backend.tests.test_phase5_bulk_invoices.TestBulkAuth" name="test_company_admin_forbidden" time="0.276" /><testcase classname="backend.tests.test_phase5_bulk_invoices.TestBulkAuth" name="test_bad_month_400" time="0.256" /><testcase classname="backend.tests.test_phase5_bulk_invoices.TestBulkJson" name="test_summary_shape" time="0.299" /><testcase classname="backend.tests.test_phase5_bulk_invoices.TestBulkZip" name="test_zip_download" time="0.295" /><testcase classname="backend.tests.test_phase5_bulk_invoices.TestBulkSend" name="test_super_send_all_summary" time="0.295" /><testcase classname="backend.tests.test_phase5_bulk_invoices.TestBulkSend" name="test_admin_send_own" time="0.262" /><testcase classname="backend.tests.test_phase5_bulk_invoices.TestBulkSend" name="test_admin_send_requires_auth" time="0.115" /><testcase classname="backend.tests.test_phase6_invoice_archive.TestArchiveAuth" name="test_admin_archive_requires_auth" time="0.114" /><testcase classname="backend.tests.test_phase6_invoice_archive.TestArchiveAuth" name="test_admin_archive_empty_for_new_company" time="0.266" /><testcase classname="backend.tests.test_phase6_invoice_archive.TestArchiveAuth" name="test_super_list_forbidden_for_company_admin" time="0.316" /><testcase classname="backend.tests.test_phase6_invoice_archive.TestIssueValidation" name="test_issue_without_trips_rejected" time="0.286" /><testcase classname="backend.tests.test_phase6_invoice_archive.TestIssueValidation" name="test_issue_bad_month" time="0.255" /><testcase classname="backend.tests.test_phase6_invoice_archive.TestIssueValidation" name="test_issue_requires_auth" time="0.116" /><testcase classname="backend.tests.test_phase6_invoice_archive.TestSuperArchive" name="test_list_shape" time="0.299" /><testcase classname="backend.tests.test_phase6_invoice_archive.TestSuperArchive" name="test_issue_all_summary" time="0.315" /><testcase classname="backend.tests.test_phase6_invoice_archive.TestSuperArchive" name="test_remind_overdue_summary" time="0.269" /><testcase classname="backend.tests.test_phase6_invoice_archive.TestSuperArchive" name="test_bad_action" time="0.286" /><testcase classname="backend.tests.test_phase6_invoice_archive.TestSuperArchive" name="test_action_on_unknown_invoice_404" time="0.271" /><testcase classname="backend.tests.test_phase7_hardening.TestVerifyRateLimit" name="test_per_target_limited_with_xff" time="1.169" /><testcase classname="backend.tests.test_phase7_hardening.TestVerifyRateLimit" name="test_not_limited_without_xff" time="1.307"><failure message="AssertionError: ohne XFF darf nicht limitiert werden (oks=5)&#10;assert 5 == 8">E   AssertionError: ohne XFF darf nicht limitiert werden (oks=5)
    assert 5 == 8</failure></testcase><testcase classname="backend.tests.test_phase7_hardening.TestLoginRateLimit" name="test_login_brute_force_limited_with_xff" time="17.971" /><testcase classname="backend.tests.test_phase8_stripe_intent.TestPaymentIntent" name="test_intent_mock_when_no_key" time="0.803"><failure message="AssertionError: assert False is True&#10; +  where False = &lt;built-in method get of dict object at 0xfbb996be91c0&gt;('mock')&#10; +    where &lt;built-in method get of dict object at 0xfbb996be91c0&gt; = {'amount': 1172, 'clientSecret': 'pi_3TiWdGCYsJidk4Mw1BH1KcvC_secret_oJIfSbaGA07BZ1TC8A0uR5lqc', 'enabled': True, 'mock': False, ...}.get">E   AssertionError: assert False is True
     +  where False = &lt;built-in method get of dict object at 0xfbb996be91c0&gt;('mock')
     +    where &lt;built-in method get of dict object at 0xfbb996be91c0&gt; = {'amount': 1172, 'clientSecret': 'pi_3TiWdGCYsJidk4Mw1BH1KcvC_secret_oJIfSbaGA07BZ1TC8A0uR5lqc', 'enabled': True, 'mock': False, ...}.get</failure></testcase><testcase classname="backend.tests.test_phase8_stripe_intent.TestPaymentIntent" name="test_intent_with_stops_amount_increases" time="1.132" /><testcase classname="backend.tests.test_phase8_stripe_intent.TestPaymentIntent" name="test_intent_bad_payload" time="0.119" /><testcase classname="backend.tests.test_phase8_stripe_intent.TestWebhookGuarded" name="test_webhook_without_secret_or_sig_rejected" time="0.123" /><testcase classname="backend.tests.test_phase9_platform_rate.TestPlatformRateEndpoint" name="test_requires_super" time="0.116" /><testcase classname="backend.tests.test_phase9_platform_rate.TestPlatformRateEndpoint" name="test_get_and_recompute_shape" time="0.393" /><testcase classname="backend.tests.test_phase9_platform_rate.TestQuoteApprox" name="test_quote_has_price_approx" time="0.287" /><testcase classname="backend.tests.test_phase9_platform_rate.TestQuoteApprox" name="test_approx_matches_platform_rate_times_km" time="0.560" /><testcase classname="backend.tests.test_phase9_platform_rate.TestBookingStoresApprox" name="test_booking_persists_price_approx" time="0.676" /><testcase classname="backend.tests.test_platform_booking.TestPlatformBookingNoCompany" name="test_create_booking_without_company_succeeds" time="0.697" /><testcase classname="backend.tests.test_platform_booking.TestPlatformBookingNoCompany" name="test_get_booking_without_company_returns_data" time="1.306" /><testcase classname="backend.tests.test_platform_booking.TestPlatformBookingNoCompany" name="test_create_scheduled_booking_without_company" time="0.689" /><testcase classname="backend.tests.test_platform_booking.TestBackwardCompatWithCompany" name="test_booking_with_company_slug_still_works" time="0.908" /><testcase classname="backend.tests.test_platform_booking.TestSuperAdminLogin" name="test_super_login_works" time="0.279" /><testcase classname="backend.tests.test_taxios_api.TestAuth" name="test_super_login_returns_super_admin_role" time="0.216" /><testcase classname="backend.tests.test_taxios_api.TestAuth" name="test_super_login_wrong_password" time="0.234" /><testcase classname="backend.tests.test_taxios_api.TestAuth" name="test_me_endpoint_authed" time="0.252" /><testcase classname="backend.tests.test_taxios_api.TestSuperOverview" name="test_super_overview_accessible" time="0.067" /><testcase classname="backend.tests.test_taxios_api.TestSuperOverview" name="test_super_overview_forbidden_without_auth" time="0.134" /><testcase classname="backend.tests.test_taxios_api.TestCompanyRegisterAndAdmin" name="test_company_self_registration_and_admin" time="0.287" /><testcase classname="backend.tests.test_taxios_api.TestCompanyRegisterAndAdmin" name="test_pricing_get_and_update" time="0.218" /><testcase classname="backend.tests.test_taxios_api.TestCompanyRegisterAndAdmin" name="test_admin_ratings_empty" time="0.068" /><testcase classname="backend.tests.test_taxios_api.TestDriverCRUD" name="test_create_get_delete_driver" time="0.457" /><testcase classname="backend.tests.test_taxios_api.TestGeocode" name="test_geocode_forward" time="0.382" /><testcase classname="backend.tests.test_taxios_api.TestGeocode" name="test_geocode_reverse" time="0.124" /><testcase classname="backend.tests.test_taxios_api.TestQuoteAndBooking" name="test_quote" time="0.313" /><testcase classname="backend.tests.test_taxios_api.TestQuoteAndBooking" name="test_create_booking_with_payment_cash" time="0.366" /><testcase classname="backend.tests.test_taxios_api.TestQuoteAndBooking" name="test_create_booking_with_payment_card" time="0.713"><failure message="AssertionError: booking failed: 402 {&quot;error&quot;:&quot;Kartenzahlung nicht autorisiert.&quot;,&quot;code&quot;:&quot;PAYMENT_REQUIRED&quot;}&#10;assert 402 in (200, 201)&#10; +  where 402 = &lt;Response [402]&gt;.status_code">E   AssertionError: booking failed: 402 {"error":"Kartenzahlung nicht autorisiert.","code":"PAYMENT_REQUIRED"}
    assert 402 in (200, 201)
     +  where 402 = &lt;Response [402]&gt;.status_code</failure></testcase><testcase classname="backend.tests.test_taxios_api.TestQuoteAndBooking" name="test_dispatch_with_no_drivers_results_in_no_driver_status" time="5.823" /></testsuite></testsuites>