<?xml version="1.0" encoding="utf-8"?><testsuites name="pytest tests"><testsuite name="pytest" errors="0" failures="0" skipped="0" tests="20" time="13.271" timestamp="2026-06-12T15:20:10.528900+00:00" hostname="agent-env-5edd2c00-4649-42ac-89e2-a6ce5e73bc02"><testcase classname="backend.tests.test_platform_booking.TestPlatformBookingNoCompany" name="test_create_booking_without_company_succeeds" time="0.812" /><testcase classname="backend.tests.test_platform_booking.TestPlatformBookingNoCompany" name="test_get_booking_without_company_returns_data" time="0.906" /><testcase classname="backend.tests.test_platform_booking.TestPlatformBookingNoCompany" name="test_create_scheduled_booking_without_company" time="0.254" /><testcase classname="backend.tests.test_platform_booking.TestBackwardCompatWithCompany" name="test_booking_with_company_slug_still_works" time="0.603" /><testcase classname="backend.tests.test_platform_booking.TestSuperAdminLogin" name="test_super_login_works" time="0.317" /><testcase classname="backend.tests.test_taxios_api.TestAuth" name="test_super_login_returns_super_admin_role" time="0.247" /><testcase classname="backend.tests.test_taxios_api.TestAuth" name="test_super_login_wrong_password" time="0.195" /><testcase classname="backend.tests.test_taxios_api.TestAuth" name="test_me_endpoint_authed" time="0.355" /><testcase classname="backend.tests.test_taxios_api.TestSuperOverview" name="test_super_overview_accessible" time="0.087" /><testcase classname="backend.tests.test_taxios_api.TestSuperOverview" name="test_super_overview_forbidden_without_auth" time="0.122" /><testcase classname="backend.tests.test_taxios_api.TestCompanyRegisterAndAdmin" name="test_company_self_registration_and_admin" time="0.351" /><testcase classname="backend.tests.test_taxios_api.TestCompanyRegisterAndAdmin" name="test_pricing_get_and_update" time="0.251" /><testcase classname="backend.tests.test_taxios_api.TestCompanyRegisterAndAdmin" name="test_admin_ratings_empty" time="0.091" /><testcase classname="backend.tests.test_taxios_api.TestDriverCRUD" name="test_create_get_delete_driver" time="0.497" /><testcase classname="backend.tests.test_taxios_api.TestGeocode" name="test_geocode_forward" time="0.805" /><testcase classname="backend.tests.test_taxios_api.TestGeocode" name="test_geocode_reverse" time="0.246" /><testcase classname="backend.tests.test_taxios_api.TestQuoteAndBooking" name="test_quote" time="0.241" /><testcase classname="backend.tests.test_taxios_api.TestQuoteAndBooking" name="test_create_booking_with_payment_cash" time="0.396" /><testcase classname="backend.tests.test_taxios_api.TestQuoteAndBooking" name="test_create_booking_with_payment_card" time="0.403" /><testcase classname="backend.tests.test_taxios_api.TestQuoteAndBooking" name="test_dispatch_with_no_drivers_results_in_no_driver_status" time="5.969" /></testsuite></testsuites>