<?xml version="1.0" encoding="utf-8"?><testsuites name="pytest tests"><testsuite name="pytest" errors="0" failures="0" skipped="0" tests="36" time="18.690" timestamp="2026-06-12T16:33:13.795202+00:00" hostname="agent-env-5edd2c00-4649-42ac-89e2-a6ce5e73bc02"><testcase classname="backend.tests.test_phase1_commission_cancel.TestCompanyCityTier" name="test_register_with_cityTier_BIG_persisted" time="0.550" /><testcase classname="backend.tests.test_phase1_commission_cancel.TestCompanyCityTier" name="test_register_default_cityTier_SMALL" time="0.321" /><testcase classname="backend.tests.test_phase1_commission_cancel.TestCompanyCityTier" name="test_register_invalid_cityTier_rejected" time="0.153" /><testcase classname="backend.tests.test_phase1_commission_cancel.TestAdminOverviewCommission" name="test_admin_overview_today_month_shape" time="0.295" /><testcase classname="backend.tests.test_phase1_commission_cancel.TestSuperOverviewFinancials" name="test_super_overview_totals_shape" time="0.309" /><testcase classname="backend.tests.test_phase1_commission_cancel.TestSuperOverviewFinancials" name="test_super_overview_per_company_includes_commission_data" time="0.303" /><testcase classname="backend.tests.test_phase1_commission_cancel.TestCustomerCancel" name="test_cancel_active_booking_succeeds" time="1.502" /><testcase classname="backend.tests.test_phase1_commission_cancel.TestCustomerCancel" name="test_cancel_non_existent_returns_404" time="0.126" /><testcase classname="backend.tests.test_phase1_commission_cancel.TestCustomerCancel" name="test_cancel_already_cancelled_returns_409" time="0.553" /><testcase classname="backend.tests.test_phase1_commission_cancel.TestAdminCancel" name="test_admin_can_cancel_own_company_booking" time="0.734" /><testcase classname="backend.tests.test_phase1_commission_cancel.TestAdminCancel" name="test_admin_cannot_cancel_other_companys_booking" time="0.810" /><testcase classname="backend.tests.test_phase1_commission_cancel.TestAdminCancel" name="test_admin_cancel_requires_auth" time="0.388" /><testcase classname="backend.tests.test_phase1_commission_cancel.TestCancellationLog" name="test_admin_can_read_cancellation_log" time="0.767" /><testcase classname="backend.tests.test_phase1_commission_cancel.TestUnifiedShape" name="test_get_booking_returns_flat_and_wrapped" time="0.399" /><testcase classname="backend.tests.test_phase1_commission_cancel.TestPriceExactField" name="test_booking_dto_includes_priceExact_initially_null" time="0.259" /><testcase classname="backend.tests.test_phase1_commission_cancel.TestPriceExactField" name="test_booking_dto_includes_isReserved_and_commission_fields" time="0.267" /><testcase classname="backend.tests.test_platform_booking.TestPlatformBookingNoCompany" name="test_create_booking_without_company_succeeds" time="0.273" /><testcase classname="backend.tests.test_platform_booking.TestPlatformBookingNoCompany" name="test_get_booking_without_company_returns_data" time="0.886" /><testcase classname="backend.tests.test_platform_booking.TestPlatformBookingNoCompany" name="test_create_scheduled_booking_without_company" time="0.276" /><testcase classname="backend.tests.test_platform_booking.TestBackwardCompatWithCompany" name="test_booking_with_company_slug_still_works" time="0.472" /><testcase classname="backend.tests.test_platform_booking.TestSuperAdminLogin" name="test_super_login_works" time="0.269" /><testcase classname="backend.tests.test_taxios_api.TestAuth" name="test_super_login_returns_super_admin_role" time="0.213" /><testcase classname="backend.tests.test_taxios_api.TestAuth" name="test_super_login_wrong_password" time="0.226" /><testcase classname="backend.tests.test_taxios_api.TestAuth" name="test_me_endpoint_authed" time="0.266" /><testcase classname="backend.tests.test_taxios_api.TestSuperOverview" name="test_super_overview_accessible" time="0.071" /><testcase classname="backend.tests.test_taxios_api.TestSuperOverview" name="test_super_overview_forbidden_without_auth" time="0.117" /><testcase classname="backend.tests.test_taxios_api.TestCompanyRegisterAndAdmin" name="test_company_self_registration_and_admin" time="0.315" /><testcase classname="backend.tests.test_taxios_api.TestCompanyRegisterAndAdmin" name="test_pricing_get_and_update" time="0.226" /><testcase classname="backend.tests.test_taxios_api.TestCompanyRegisterAndAdmin" name="test_admin_ratings_empty" time="0.068" /><testcase classname="backend.tests.test_taxios_api.TestDriverCRUD" name="test_create_get_delete_driver" time="0.461" /><testcase classname="backend.tests.test_taxios_api.TestGeocode" name="test_geocode_forward" time="0.132" /><testcase classname="backend.tests.test_taxios_api.TestGeocode" name="test_geocode_reverse" time="0.127" /><testcase classname="backend.tests.test_taxios_api.TestQuoteAndBooking" name="test_quote" time="0.245" /><testcase classname="backend.tests.test_taxios_api.TestQuoteAndBooking" name="test_create_booking_with_payment_cash" time="0.396" /><testcase classname="backend.tests.test_taxios_api.TestQuoteAndBooking" name="test_create_booking_with_payment_card" time="0.387" /><testcase classname="backend.tests.test_taxios_api.TestQuoteAndBooking" name="test_dispatch_with_no_drivers_results_in_no_driver_status" time="5.447" /></testsuite></testsuites>