<?xml version="1.0" encoding="utf-8"?><testsuites name="pytest tests"><testsuite name="pytest" errors="0" failures="0" skipped="0" tests="16" time="7.824" timestamp="2026-06-12T16:27:19.715335+00:00" hostname="agent-env-5edd2c00-4649-42ac-89e2-a6ce5e73bc02"><testcase classname="backend.tests.test_phase1_commission_cancel.TestCompanyCityTier" name="test_register_with_cityTier_BIG_persisted" time="0.589" /><testcase classname="backend.tests.test_phase1_commission_cancel.TestCompanyCityTier" name="test_register_default_cityTier_SMALL" time="0.340" /><testcase classname="backend.tests.test_phase1_commission_cancel.TestCompanyCityTier" name="test_register_invalid_cityTier_rejected" time="0.121" /><testcase classname="backend.tests.test_phase1_commission_cancel.TestAdminOverviewCommission" name="test_admin_overview_today_month_shape" time="0.293" /><testcase classname="backend.tests.test_phase1_commission_cancel.TestSuperOverviewFinancials" name="test_super_overview_totals_shape" time="0.314" /><testcase classname="backend.tests.test_phase1_commission_cancel.TestSuperOverviewFinancials" name="test_super_overview_per_company_includes_commission_data" time="0.287" /><testcase classname="backend.tests.test_phase1_commission_cancel.TestCustomerCancel" name="test_cancel_active_booking_succeeds" time="1.434" /><testcase classname="backend.tests.test_phase1_commission_cancel.TestCustomerCancel" name="test_cancel_non_existent_returns_404" time="0.127" /><testcase classname="backend.tests.test_phase1_commission_cancel.TestCustomerCancel" name="test_cancel_already_cancelled_returns_409" time="0.595" /><testcase classname="backend.tests.test_phase1_commission_cancel.TestAdminCancel" name="test_admin_can_cancel_own_company_booking" time="0.697" /><testcase classname="backend.tests.test_phase1_commission_cancel.TestAdminCancel" name="test_admin_cannot_cancel_other_companys_booking" time="0.796" /><testcase classname="backend.tests.test_phase1_commission_cancel.TestAdminCancel" name="test_admin_cancel_requires_auth" time="0.379" /><testcase classname="backend.tests.test_phase1_commission_cancel.TestCancellationLog" name="test_admin_can_read_cancellation_log" time="0.654" /><testcase classname="backend.tests.test_phase1_commission_cancel.TestUnifiedShape" name="test_get_booking_returns_flat_and_wrapped" time="0.398" /><testcase classname="backend.tests.test_phase1_commission_cancel.TestPriceExactField" name="test_booking_dto_includes_priceExact_initially_null" time="0.259" /><testcase classname="backend.tests.test_phase1_commission_cancel.TestPriceExactField" name="test_booking_dto_includes_isReserved_and_commission_fields" time="0.277" /></testsuite></testsuites>