<?xml version="1.0" encoding="utf-8"?><testsuites name="pytest tests"><testsuite name="pytest" errors="0" failures="0" skipped="0" tests="14" time="77.343" timestamp="2026-06-15T09:36:12.838078+00:00" hostname="agent-env-d8817f61-ba4b-4a01-b8da-5f3db2df7025"><testcase classname="backend.tests.test_iteration20_e2e" name="test_healthz" time="0.268" /><testcase classname="backend.tests.test_iteration20_e2e" name="test_taxis_live" time="0.118" /><testcase classname="backend.tests.test_iteration20_e2e" name="test_login_customer" time="0.196" /><testcase classname="backend.tests.test_iteration20_e2e" name="test_login_driver_murat" time="0.194" /><testcase classname="backend.tests.test_iteration20_e2e" name="test_login_admin" time="0.192" /><testcase classname="backend.tests.test_iteration20_e2e" name="test_login_super" time="0.219" /><testcase classname="backend.tests.test_iteration20_e2e" name="test_quote_with_classes" time="0.457" /><testcase classname="backend.tests.test_iteration20_e2e" name="test_standard_booking_create" time="0.714" /><testcase classname="backend.tests.test_iteration20_e2e" name="test_standard_booking_dispatched_within_30s" time="18.472" /><testcase classname="backend.tests.test_iteration20_e2e" name="test_stripe_payment_intent" time="11.513" /><testcase classname="backend.tests.test_iteration20_e2e" name="test_vorbestellung" time="11.365" /><testcase classname="backend.tests.test_iteration20_e2e" name="test_flughafen" time="11.264" /><testcase classname="backend.tests.test_iteration20_e2e" name="test_krankenfahrt" time="11.271" /><testcase classname="backend.tests.test_iteration20_e2e" name="test_group_12_passengers" time="11.063" /></testsuite></testsuites>